{
  "stats": {
    "suites": 1,
    "tests": 1,
    "passes": 1,
    "pending": 0,
    "failures": 0,
    "start": "2025-01-05T13:46:16.609Z",
    "end": "2025-01-05T13:46:57.136Z",
    "duration": 40527,
    "testsRegistered": 1,
    "passPercent": 100,
    "pendingPercent": 0,
    "other": 0,
    "hasOther": false,
    "skipped": 0,
    "hasSkipped": false
  },
  "results": [
    {
      "uuid": "9698111c-ae21-41ac-8737-d9b1dab8c40b",
      "title": "",
      "fullFile": "cypress/e2e/Tests/Test1.js",
      "file": "cypress/e2e/Tests/Test1.js",
      "beforeHooks": [],
      "afterHooks": [],
      "tests": [],
      "suites": [
        {
          "uuid": "09cef626-d478-4e0b-bbbd-9dbb0329d6f1",
          "title": "My First Test",
          "fullFile": "",
          "file": "",
          "beforeHooks": [],
          "afterHooks": [],
          "tests": [
            {
              "title": "Does not do much!",
              "fullTitle": "My First Test Does not do much!",
              "timedOut": null,
              "duration": 39738,
              "state": "passed",
              "speed": "slow",
              "pass": true,
              "fail": false,
              "pending": false,
              "context": null,
              "code": "cy.visit('https://lms2-staging.benchmarkuniverse.com/?realm=rainbow');\ncy.get('#username').type('rl1_teach1', {\n  delay: 0\n});\ncy.get('#password').type('password', {\n  delay: 0\n});\ncy.get(\"[aria-label='Sign in']\").click();\ncy.get('#logout').should('exist');\ncy.get('[href=\"#/library/X98972\"]').click();\ncy.get('#mainContentResource_0').should('exist');\ncy.get('#mainContentResource_0').drag('#booshelfContainer');\ncy.get('.ui-platform-bookshelfmodal-wrapper').should('exist');\nconst randomNumber = Math.floor(Math.random() * 50) + 1;\nconst randomName = `newbk${randomNumber}`;\n// Log the generated name\ncy.log(`Generated Name: ${randomName}`);\n// You can now use this `randomName` in your test\ncy.get('#inputId').type(randomName);\ncy.get(':nth-child(2) > [data-testid=\"ui-plaform-button-testid\"]').should('exist').click();\ncy.wait(5000);\ncy.get('#booshelfContainer').should('exist').click();\ncy.get('[id*=\"more-info\"]').should('exist').click(); // Locates an element containing the text 'moreinfo'\ncy.get('[aria-label=\"Remove from Bookshelf\"] > :nth-child(2)').should('exist').click();\ncy.get('[aria-label=\"Add to Bookshelf\"] > :nth-child(2)').should('exist');\ncy.get('.ui-platform-more-info-modal-sm > [data-testid=\"close-button\"]').should('exist').click();\ncy.wait(5000);",
              "err": {},
              "uuid": "ec4dd3b7-14b1-450c-8885-2e1cecc81395",
              "parentUUID": "09cef626-d478-4e0b-bbbd-9dbb0329d6f1",
              "isHook": false,
              "skipped": false
            }
          ],
          "suites": [],
          "passes": [
            "ec4dd3b7-14b1-450c-8885-2e1cecc81395"
          ],
          "failures": [],
          "pending": [],
          "skipped": [],
          "duration": 39738,
          "root": false,
          "rootEmpty": false,
          "_timeout": 2000
        }
      ],
      "passes": [],
      "failures": [],
      "pending": [],
      "skipped": [],
      "duration": 0,
      "root": true,
      "rootEmpty": true,
      "_timeout": 2000
    }
  ],
  "meta": {
    "mocha": {
      "version": "7.0.1"
    },
    "mochawesome": {
      "options": {
        "quiet": false,
        "reportFilename": "mochawesome",
        "saveHtml": true,
        "saveJson": true,
        "consoleReporter": "spec",
        "useInlineDiffs": false,
        "code": true
      },
      "version": "7.1.3"
    },
    "marge": {
      "options": {
        "reportDir": "cypress/reports",
        "overwrite": false,
        "html": true,
        "json": true
      },
      "version": "6.2.0"
    }
  }
}