{
  "stats": {
    "suites": 1,
    "tests": 1,
    "passes": 1,
    "pending": 0,
    "failures": 0,
    "start": "2025-01-05T13:49:18.677Z",
    "end": "2025-01-05T13:49:23.444Z",
    "duration": 4767,
    "testsRegistered": 1,
    "passPercent": 100,
    "pendingPercent": 0,
    "other": 0,
    "hasOther": false,
    "skipped": 0,
    "hasSkipped": false
  },
  "results": [
    {
      "uuid": "884f187e-d359-44b2-81dc-75bd09310161",
      "title": "",
      "fullFile": "cypress/e2e/Tests/Test1.js",
      "file": "cypress/e2e/Tests/Test1.js",
      "beforeHooks": [],
      "afterHooks": [],
      "tests": [],
      "suites": [
        {
          "uuid": "18502209-4565-4d3e-a7b0-0c555d0c7615",
          "title": "My First Test",
          "fullFile": "",
          "file": "",
          "beforeHooks": [],
          "afterHooks": [],
          "tests": [
            {
              "title": "Does not do much!",
              "fullTitle": "My First Test Does not do much!",
              "timedOut": null,
              "duration": 4000,
              "state": "passed",
              "speed": "fast",
              "pass": true,
              "fail": false,
              "pending": false,
              "context": null,
              "code": "cy.visit('https://lms2-staging.benchmarkuniverse.com/?realm=rainbow');\n//     cy.get('#username').type('rl1_teach1',{ delay: 0 })\n//    cy.get('#password').type('password',{ delay: 0 })    \n//     cy.get(\"[aria-label='Sign in']\").click()\n//     cy.get('#logout').should('exist');\n//     cy.get('[href=\"#/library/X98972\"]').click()\n//     cy.get('#mainContentResource_0').should('exist')\n//     cy.get('#mainContentResource_0').drag('#booshelfContainer');\n//     cy.get('.ui-platform-bookshelfmodal-wrapper').should('exist')\n//     const randomNumber = Math.floor(Math.random() * 50) + 1;  \n//     const randomName = `newbk${randomNumber}`;\n//     cy.log(`Generated Name: ${randomName}`);\n//     cy.get('#inputId').type(randomName);  \n//     cy.get(':nth-child(2) > [data-testid=\"ui-plaform-button-testid\"]').should('exist').click();\n//     cy.wait(5000)       \n//     cy.get('#booshelfContainer').should('exist').click();    \n//     cy.get('[id*=\"more-info\"]').should('exist').click(); // Locates an element containing the text 'moreinfo'\n//     cy.get('[aria-label=\"Remove from Bookshelf\"] > :nth-child(2)').should('exist').click();\n//     cy.get('[aria-label=\"Add to Bookshelf\"] > :nth-child(2)').should('exist')\n//     cy.get('.ui-platform-more-info-modal-sm > [data-testid=\"close-button\"]').should('exist').click();\n//     cy.wait(5000);",
              "err": {},
              "uuid": "24ccc577-25a9-4ee2-aa9d-f38e9e1db2ba",
              "parentUUID": "18502209-4565-4d3e-a7b0-0c555d0c7615",
              "isHook": false,
              "skipped": false
            }
          ],
          "suites": [],
          "passes": [
            "24ccc577-25a9-4ee2-aa9d-f38e9e1db2ba"
          ],
          "failures": [],
          "pending": [],
          "skipped": [],
          "duration": 4000,
          "root": false,
          "rootEmpty": false,
          "_timeout": 2000
        }
      ],
      "passes": [],
      "failures": [],
      "pending": [],
      "skipped": [],
      "duration": 0,
      "root": true,
      "rootEmpty": true,
      "_timeout": 2000
    }
  ],
  "meta": {
    "mocha": {
      "version": "7.0.1"
    },
    "mochawesome": {
      "options": {
        "quiet": false,
        "reportFilename": "mochawesome",
        "saveHtml": true,
        "saveJson": true,
        "consoleReporter": "spec",
        "useInlineDiffs": false,
        "code": true
      },
      "version": "7.1.3"
    },
    "marge": {
      "options": {
        "reportDir": "cypress/reports",
        "overwrite": false,
        "html": true,
        "json": true
      },
      "version": "6.2.0"
    }
  }
}